
            _ _ _
           | (_) |
  _ __ __ _| |_| |_ ___
 | '__/ _  | | | __/ _ \   The lightweight, distributed
 | | | (_| | | | ||  __/   relational database.
 |_|  \__, |_|_|\__\___|
         | |               www.rqlite.io
         |_|

[rqlited] 2026/04/22 19:12:53 rqlited starting, version 10, SQLite 3.51.2, commit unknown, compiler (toolchain) gc, compiler (command) unknown
[rqlited] 2026/04/22 19:12:53 go1.25.6, target architecture is amd64, operating system target is linux
[rqlited] 2026/04/22 19:12:53 launch command: rqlited -node-id 2 -http-addr localhost:4003 -raft-addr localhost:4004 -join localhost:4002 ./cluster/node2
[rqlited] 2026/04/22 19:12:53 no preexisting node state detected in /home/alvarolm/temp/rqlite_tests/cluster/node2, node may be bootstrapping
[cluster] 2026/04/22 19:12:53 service listening on localhost:4004
[http] 2026/04/22 19:12:53 execute queue processing started with capacity 1024, batch size 128, timeout 50ms
[http] 2026/04/22 19:12:53 service listening on 127.0.0.1:4003
[store] 2026/04/22 19:12:53 opening store with node ID 2, listening on localhost:4004
[store] 2026/04/22 19:12:53 ensuring data directory exists at /home/alvarolm/temp/rqlite_tests/cluster/node2
[store] 2026/04/22 19:12:53 old v7 snapshot directory does not exist at /home/alvarolm/temp/rqlite_tests/cluster/node2/snapshots, nothing to upgrade
[store] 2026/04/22 19:12:53 old v8 snapshot directory does not exist at /home/alvarolm/temp/rqlite_tests/cluster/node2/rsnapshots, nothing to upgrade
[snapshot-store] 2026/04/22 19:12:53 store initialized using /home/alvarolm/temp/rqlite_tests/cluster/node2/wsnapshots
[store] 2026/04/22 19:12:53 0 preexisting snapshots present
[mux] 2026/04/22 19:12:53 mux serving on 127.0.0.1:4004, advertising localhost:4004
[store] 2026/04/22 19:12:53 raft log is 0 bytes at open, no entries present
[rqlited] 2026/04/22 19:12:53 checking that supplied join addresses don't serve HTTP(S)
[rqlited] 2026/04/22 19:12:53 successfully joined cluster at localhost:4002
[rqlited] 2026/04/22 19:12:53 node HTTP API available at http://localhost:4003
[rqlited] 2026/04/22 19:12:53 connect using the command-line tool via 'rqlite -H localhost -p 4003'
[rqlited] 2026/04/22 19:12:53 visit the rqlite console for this node at http://localhost:4003/console/
[raft] 2026/04/22 19:12:53 [WARN]  failed to get previous log: previous-index=3 last-index=0 error="log not found"
[store] 2026/04/22 19:12:53 node 1 at localhost:4002 is now Leader
[store] 2026/04/22 19:12:53 first log applied since node 2 started, log at index 5
[rqlited] 2026/04/22 19:12:54 received signal "terminated"
[http] 2026/04/22 19:12:54 closing HTTP service on 127.0.0.1:4003
[http] 2026/04/22 19:12:54 HTTP service on 127.0.0.1:4003 stopped: http: Server closed
2026-04-22T19:12:54.203-0400 [ERROR] raft-net: failed to accept connection: error="network connection closed"
2026-04-22T19:12:54.208-0400 [ERROR] raft-net: failed to accept connection: error="network connection closed"
[transport] 2026/04/22 19:12:54 TimeoutNowRequest received on this node (localhost:4004) from node 1 at localhost:4002
[store] 2026/04/22 19:12:54 Leader is now unknown
[raft] 2026/04/22 19:12:54 [ERROR] failed to make requestVote RPC: target="{Voter 3 localhost:4006}" error="dial tcp [::1]:4006: connect: connection refused" term=3
[store] 2026/04/22 19:12:54 full snapshot created in 15.379091ms on node ID 2
2026-04-22T19:12:54.219-0400 [ERROR] raft-net: failed to accept connection: error="network connection closed"
[store] 2026/04/22 19:12:54 persisted full snapshot 2-356-1776899574218 in 6.445506ms
[store] 2026/04/22 19:12:54 snapshot-on-close took  27.457819ms
[store] 2026/04/22 19:12:54 store closed with node ID 2, listening on localhost:4004
[rqlited] 2026/04/22 19:12:54 rqlite server stopped
