
            _ _ _
           | (_) |
  _ __ __ _| |_| |_ ___
 | '__/ _  | | | __/ _ \   The lightweight, distributed
 | | | (_| | | | ||  __/   relational database.
 |_|  \__, |_|_|\__\___|
         | |               www.rqlite.io
         |_|

[rqlited] 2026/04/19 21:14:53 rqlited starting, version 10, SQLite 3.51.2, commit unknown, compiler (toolchain) gc, compiler (command) unknown
[rqlited] 2026/04/19 21:14:53 go1.25.6, target architecture is amd64, operating system target is linux
[rqlited] 2026/04/19 21:14:53 launch command: rqlited -node-id 1 -http-addr localhost:4001 -raft-addr localhost:4002 ./cluster/node1
[rqlited] 2026/04/19 21:14:53 no preexisting node state detected in /home/alvarolm/temp/rqlite_tests/cluster/node1, node may be bootstrapping
[cluster] 2026/04/19 21:14:53 service listening on localhost:4002
[mux] 2026/04/19 21:14:53 mux serving on 127.0.0.1:4002, advertising localhost:4002
[http] 2026/04/19 21:14:53 execute queue processing started with capacity 1024, batch size 128, timeout 50ms
[http] 2026/04/19 21:14:53 service listening on 127.0.0.1:4001
[store] 2026/04/19 21:14:53 opening store with node ID 1, listening on localhost:4002
[store] 2026/04/19 21:14:53 ensuring data directory exists at /home/alvarolm/temp/rqlite_tests/cluster/node1
[store] 2026/04/19 21:14:53 old v7 snapshot directory does not exist at /home/alvarolm/temp/rqlite_tests/cluster/node1/snapshots, nothing to upgrade
[store] 2026/04/19 21:14:53 old v8 snapshot directory does not exist at /home/alvarolm/temp/rqlite_tests/cluster/node1/rsnapshots, nothing to upgrade
[snapshot-store] 2026/04/19 21:14:53 store initialized using /home/alvarolm/temp/rqlite_tests/cluster/node1/wsnapshots
[store] 2026/04/19 21:14:53 0 preexisting snapshots present
[store] 2026/04/19 21:14:53 raft log is 0 bytes at open, no entries present
[rqlited] 2026/04/19 21:14:53 bootstrapping single new node
[rqlited] 2026/04/19 21:14:53 node HTTP API available at http://localhost:4001
[rqlited] 2026/04/19 21:14:53 connect using the command-line tool via 'rqlite -H localhost -p 4001'
[rqlited] 2026/04/19 21:14:53 visit the rqlite console for this node at http://localhost:4001/console/
[raft] 2026/04/19 21:14:55 [WARN]  heartbeat timeout reached, starting election: last-leader-addr= last-leader-id=
[store] 2026/04/19 21:14:55 this node (ID=1, addr=localhost:4002) is now Leader
[store] 2026/04/19 21:14:55 node with ID 2, at localhost:4004, joined successfully as voter
[raft] 2026/04/19 21:14:55 [WARN]  appendEntries rejected, sending older logs: peer="{Voter 2 localhost:4004}" next=1
[store] 2026/04/19 21:14:56 node with ID 3, at localhost:4006, joined successfully as voter
[raft] 2026/04/19 21:14:56 [WARN]  appendEntries rejected, sending older logs: peer="{Voter 3 localhost:4006}" next=1
[store] 2026/04/19 21:14:56 first log applied since node 1 started, log at index 5
[rqlited] 2026/04/19 21:14:56 received signal "terminated"
[http] 2026/04/19 21:14:56 closing HTTP service on 127.0.0.1:4001
[http] 2026/04/19 21:14:56 HTTP service on 127.0.0.1:4001 stopped: http: Server closed
[rqlited] 2026/04/19 21:14:56 stepping down as Leader before shutdown
[store] 2026/04/19 21:14:56 stepping down from leadership, transferring to any available node
[store] 2026/04/19 21:14:56 Leader is now unknown
2026-04-19T21:14:56.557-0400 [ERROR] raft-net: failed to accept connection: error="network connection closed"
[store] 2026/04/19 21:14:56 node 2 at localhost:4004 is now Leader
[store] 2026/04/19 21:14:56 full snapshot created in 4.148879ms on node ID 1
2026-04-19T21:14:56.563-0400 [ERROR] raft-net: failed to accept connection: error="network connection closed"
[store] 2026/04/19 21:14:56 persisted full snapshot 2-507-1776647696562 in 2.410154ms
[store] 2026/04/19 21:14:56 snapshot-on-close took  10.05181ms
[store] 2026/04/19 21:14:56 store closed with node ID 1, listening on localhost:4002
[rqlited] 2026/04/19 21:14:56 rqlite server stopped
